<?xml version="1.0" encoding="UTF-8"?>
<testsuite xmlns:xsi="http://www.w3.org/2001/XMLSchema-instance" xsi:noNamespaceSchemaLocation="https://maven.apache.org/surefire/maven-surefire-plugin/xsd/surefire-test-report-3.0.xsd" version="3.0" name="com.example.quiz.service.QuizServiceTest" time="5.168" tests="1" errors="0" skipped="0" failures="0">
  <properties>
[...]
</properties>
  <testcase name="executesFixtureWorkflow" classname="com.example.quiz.service.QuizServiceTest" time="1.409">
    <system-out><![CDATA[18:48:25.330 [main] INFO org.springframework.test.context.support.AnnotationConfigContextLoaderUtils -- Could not detect default configuration classes for test class [com.example.quiz.service.QuizServiceTest]: QuizServiceTest does not declare any static, non-private, non-final, nested classes annotated with @Configuration.
18:48:25.503 [main] INFO org.springframework.boot.test.context.SpringBootTestContextBootstrapper -- Found @SpringBootConfiguration com.example.quiz.QuizApplication for test class com.example.quiz.service.QuizServiceTest

  .   ____          _            __ _ _
 /\\ / ___'_ __ _ _(_)_ __  __ _ \ \ \ \
( ( )\___ | '_ | '_| | '_ \/ _` | \ \ \ \
 \\/  ___)| |_)| | | | | || (_| |  ) ) ) )
  '  |____| .__|_| |_|_| |_\__, | / / / /
 =========|_|==============|___/=/_/_/_/

 :: Spring Boot ::                (v3.3.5)

2026-04-24T18:48:26.261+05:30  INFO 2900 --- [           main] c.example.quiz.service.QuizServiceTest   : Starting QuizServiceTest using Java 17.0.8 with PID 2900 (started by DELL in D:\bajaj)
2026-04-24T18:48:26.264+05:30  INFO 2900 --- [           main] c.example.quiz.service.QuizServiceTest   : No active profile set, falling back to 1 default profile: "default"
2026-04-24T18:48:28.795+05:30  INFO 2900 --- [           main] c.example.quiz.service.QuizServiceTest   : Started QuizServiceTest in 3.052 seconds (process running for 4.438)
2026-04-24T18:48:30.105+05:30  INFO 2900 --- [           main] com.example.quiz.service.QuizService     : Starting quiz workflow in fixture mode
2026-04-24T18:48:30.107+05:30  INFO 2900 --- [           main] com.example.quiz.client.ApiClient        : Loading fixture responses from classpath:data/sample-polls.json
2026-04-24T18:48:30.208+05:30  INFO 2900 --- [           main] com.example.quiz.service.QuizService     : Workflow complete with 9 unique events and total score 210
]]></system-out>
  </testcase>
</testsuite>